<?xml version="1.0" encoding="UTF-8"?>
<!-- Generated by org.testng.reporters.JUnitReportReporter -->
<testsuite hostname="LAPTOP-E012E6FB" failures="0" tests="2" name="Tests.SauceDemoLoginTest" time="30.731" errors="0" timestamp="2022-01-24T21:56:27 HST" skipped="0">
  <testcase classname="Tests.SauceDemoLoginTest" name="loginPageTest" time="14.489"/>
  <system-out/>
  <testcase classname="Tests.SauceDemoLoginTest" name="inventoryTest" time="16.242"/>
  <system-out/>
</testsuite> <!-- Tests.SauceDemoLoginTest -->
